{"C:\\Users\\brian\\OneDrive\\Documents\\2020Udacity\\NLP\\fend\\projects\\evaluate-news-nlp\\src\\client\\js\\functions.js": {"path":"C:\\Users\\brian\\OneDrive\\Documents\\2020Udacity\\NLP\\fend\\projects\\evaluate-news-nlp\\src\\client\\js\\functions.js","statementMap":{"0":{"start":{"line":1,"column":17},"end":{"line":3,"column":1}},"1":{"start":{"line":2,"column":27},"end":{"line":2,"column":38}},"2":{"start":{"line":5,"column":0},"end":{"line":5,"column":26}}},"fnMap":{"0":{"name":"(anonymous_0)","decl":{"start":{"line":2,"column":11},"end":{"line":2,"column":12}},"loc":{"start":{"line":2,"column":27},"end":{"line":2,"column":38}},"line":2}},"branchMap":{},"s":{"0":1,"1":2,"2":1},"f":{"0":2},"b":{},"_coverageSchema":"1a1c01bbd47fc00a2c39e90264f33305004495a9","hash":"c05e149d36a7844b01f3a5777cc4768771571045"}
}
