{"C:\\Users\\brian\\OneDrive\\Documents\\2020Udacity\\NLP\\fend\\projects\\evaluate-news-nlp\\src\\client\\js\\displayData.js": {"path":"C:\\Users\\brian\\OneDrive\\Documents\\2020Udacity\\NLP\\fend\\projects\\evaluate-news-nlp\\src\\client\\js\\displayData.js","statementMap":{"0":{"start":{"line":2,"column":2},"end":{"line":22,"column":9}},"1":{"start":{"line":5,"column":8},"end":{"line":21,"column":11}},"2":{"start":{"line":6,"column":10},"end":{"line":6,"column":59}},"3":{"start":{"line":7,"column":10},"end":{"line":7,"column":65}},"4":{"start":{"line":8,"column":10},"end":{"line":20,"column":12}},"5":{"start":{"line":23,"column":2},"end":{"line":23,"column":16}},"6":{"start":{"line":27,"column":17},"end":{"line":41,"column":1}},"7":{"start":{"line":28,"column":19},"end":{"line":35,"column":4}},"8":{"start":{"line":36,"column":2},"end":{"line":40,"column":3}},"9":{"start":{"line":37,"column":20},"end":{"line":37,"column":41}},"10":{"start":{"line":39,"column":4},"end":{"line":39,"column":33}},"11":{"start":{"line":44,"column":16},"end":{"line":53,"column":1}},"12":{"start":{"line":45,"column":18},"end":{"line":45,"column":34}},"13":{"start":{"line":47,"column":2},"end":{"line":52,"column":3}},"14":{"start":{"line":48,"column":17},"end":{"line":48,"column":37}},"15":{"start":{"line":49,"column":4},"end":{"line":49,"column":16}},"16":{"start":{"line":51,"column":4},"end":{"line":51,"column":34}},"17":{"start":{"line":56,"column":2},"end":{"line":56,"column":42}}},"fnMap":{"0":{"name":"checkTextSentiment","decl":{"start":{"line":1,"column":9},"end":{"line":1,"column":27}},"loc":{"start":{"line":1,"column":39},"end":{"line":24,"column":1}},"line":1},"1":{"name":"(anonymous_1)","decl":{"start":{"line":4,"column":73},"end":{"line":4,"column":74}},"loc":{"start":{"line":4,"column":79},"end":{"line":22,"column":7}},"line":4},"2":{"name":"(anonymous_2)","decl":{"start":{"line":5,"column":56},"end":{"line":5,"column":57}},"loc":{"start":{"line":5,"column":66},"end":{"line":21,"column":9}},"line":5},"3":{"name":"(anonymous_3)","decl":{"start":{"line":27,"column":17},"end":{"line":27,"column":18}},"loc":{"start":{"line":27,"column":48},"end":{"line":41,"column":1}},"line":27},"4":{"name":"(anonymous_4)","decl":{"start":{"line":44,"column":16},"end":{"line":44,"column":17}},"loc":{"start":{"line":44,"column":31},"end":{"line":53,"column":1}},"line":44},"5":{"name":"displayData","decl":{"start":{"line":55,"column":9},"end":{"line":55,"column":20}},"loc":{"start":{"line":55,"column":23},"end":{"line":57,"column":1}},"line":55}},"branchMap":{"0":{"loc":{"start":{"line":2,"column":2},"end":{"line":22,"column":8}},"type":"cond-expr","locations":[{"start":{"line":3,"column":6},"end":{"line":3,"column":45}},{"start":{"line":4,"column":6},"end":{"line":22,"column":8}}],"line":2},"1":{"loc":{"start":{"line":2,"column":2},"end":{"line":2,"column":42}},"type":"binary-expr","locations":[{"start":{"line":2,"column":2},"end":{"line":2,"column":17}},{"start":{"line":2,"column":21},"end":{"line":2,"column":42}}],"line":2},"2":{"loc":{"start":{"line":27,"column":24},"end":{"line":27,"column":32}},"type":"default-arg","locations":[{"start":{"line":27,"column":30},"end":{"line":27,"column":32}}],"line":27},"3":{"loc":{"start":{"line":27,"column":34},"end":{"line":27,"column":43}},"type":"default-arg","locations":[{"start":{"line":27,"column":41},"end":{"line":27,"column":43}}],"line":27}},"s":{"0":0,"1":0,"2":0,"3":0,"4":0,"5":0,"6":1,"7":0,"8":0,"9":0,"10":0,"11":1,"12":0,"13":0,"14":0,"15":0,"16":0,"17":1},"f":{"0":0,"1":0,"2":0,"3":0,"4":0,"5":1},"b":{"0":[0,0],"1":[0,0],"2":[0],"3":[0]},"_coverageSchema":"1a1c01bbd47fc00a2c39e90264f33305004495a9","hash":"7d20eee1c97c1afbb524e9fdb8b9dfe7361577af"}
,"C:\\Users\\brian\\OneDrive\\Documents\\2020Udacity\\NLP\\fend\\projects\\evaluate-news-nlp\\src\\client\\js\\formHandler.js": {"path":"C:\\Users\\brian\\OneDrive\\Documents\\2020Udacity\\NLP\\fend\\projects\\evaluate-news-nlp\\src\\client\\js\\formHandler.js","statementMap":{"0":{"start":{"line":2,"column":2},"end":{"line":2,"column":25}},"1":{"start":{"line":4,"column":17},"end":{"line":4,"column":57}},"2":{"start":{"line":6,"column":2},"end":{"line":6,"column":38}},"3":{"start":{"line":8,"column":2},"end":{"line":13,"column":7}},"4":{"start":{"line":9,"column":19},"end":{"line":9,"column":29}},"5":{"start":{"line":11,"column":6},"end":{"line":11,"column":65}},"6":{"start":{"line":12,"column":6},"end":{"line":12,"column":49}},"7":{"start":{"line":15,"column":2},"end":{"line":15,"column":11}},"8":{"start":{"line":19,"column":2},"end":{"line":19,"column":39}}},"fnMap":{"0":{"name":"handleSubmit","decl":{"start":{"line":1,"column":9},"end":{"line":1,"column":21}},"loc":{"start":{"line":1,"column":29},"end":{"line":16,"column":1}},"line":1},"1":{"name":"(anonymous_1)","decl":{"start":{"line":9,"column":10},"end":{"line":9,"column":11}},"loc":{"start":{"line":9,"column":19},"end":{"line":9,"column":29}},"line":9},"2":{"name":"(anonymous_2)","decl":{"start":{"line":10,"column":10},"end":{"line":10,"column":11}},"loc":{"start":{"line":10,"column":25},"end":{"line":13,"column":5}},"line":10},"3":{"name":"verify","decl":{"start":{"line":18,"column":9},"end":{"line":18,"column":15}},"loc":{"start":{"line":18,"column":18},"end":{"line":20,"column":1}},"line":18}},"branchMap":{},"s":{"0":0,"1":0,"2":0,"3":0,"4":0,"5":0,"6":0,"7":0,"8":1},"f":{"0":0,"1":0,"2":0,"3":1},"b":{},"_coverageSchema":"1a1c01bbd47fc00a2c39e90264f33305004495a9","hash":"aef3694458efb2aa52d993117fd9ded404e8819a"}
}
