TN:
SF:src\client\js\displayData.js
FN:1,checkTextSentiment
FN:4,(anonymous_1)
FN:5,(anonymous_2)
FN:27,(anonymous_3)
FN:44,(anonymous_4)
FN:55,displayData
FNF:6
FNH:1
FNDA:0,checkTextSentiment
FNDA:0,(anonymous_1)
FNDA:0,(anonymous_2)
FNDA:0,(anonymous_3)
FNDA:0,(anonymous_4)
FNDA:1,displayData
DA:2,0
DA:5,0
DA:6,0
DA:7,0
DA:8,0
DA:23,0
DA:27,1
DA:28,0
DA:36,0
DA:37,0
DA:39,0
DA:44,1
DA:45,0
DA:47,0
DA:48,0
DA:49,0
DA:51,0
DA:56,1
LF:18
LH:3
BRDA:2,0,0,0
BRDA:2,0,1,0
BRDA:2,1,0,0
BRDA:2,1,1,0
BRDA:27,2,0,0
BRDA:27,3,0,0
BRF:6
BRH:0
end_of_record
TN:
SF:src\client\js\formHandler.js
FN:1,handleSubmit
FN:9,(anonymous_1)
FN:10,(anonymous_2)
FN:18,verify
FNF:4
FNH:1
FNDA:0,handleSubmit
FNDA:0,(anonymous_1)
FNDA:0,(anonymous_2)
FNDA:1,verify
DA:2,0
DA:4,0
DA:6,0
DA:8,0
DA:9,0
DA:11,0
DA:12,0
DA:15,0
DA:19,1
LF:9
LH:1
BRF:0
BRH:0
end_of_record
